<?xml version="1.0" encoding="UTF-8"?>
<!-- Generated by org.testng.reporters.JUnitReportReporter -->
<testsuite hostname="ForeVision" name="com.actitime.scripts.addCustomer" tests="1" failures="0" timestamp="29 Nov 2019 12:19:05 GMT" time="35.819" errors="0">
  <testcase name="newCustomer" time="35.819" classname="com.actitime.scripts.addCustomer"/>
</testsuite> <!-- com.actitime.scripts.addCustomer -->
