<?xml version="1.0" encoding="UTF-8"?>
<!-- Generated by org.testng.reporters.JUnitReportReporter -->
<testsuite hostname="ForeVision" name="com.actitime.scripts.loginCreate1" tests="1" failures="0" timestamp="29 Nov 2019 12:19:05 GMT" time="0.880" errors="0">
  <testcase name="readData" time="0.880" classname="com.actitime.scripts.loginCreate1"/>
</testsuite> <!-- com.actitime.scripts.loginCreate1 -->
