<?xml version="1.0" encoding="UTF-8"?>
<!-- Generated by org.testng.reporters.JUnitReportReporter -->
<testsuite hostname="ForeVision" name="com.actitime.scripts.testLoginPage" tests="1" failures="0" timestamp="19 Dec 2019 12:18:57 GMT" time="38.717" errors="0">
  <testcase name="readData" time="38.717" classname="com.actitime.scripts.testLoginPage"/>
</testsuite> <!-- com.actitime.scripts.testLoginPage -->
