<?xml version="1.0" encoding="UTF-8"?>
<!-- Generated by org.testng.reporters.JUnitReportReporter -->
<testsuite hostname="ForeVision" name="com.actitime.scripts.testLicensePageforIssueDate" tests="1" failures="0" timestamp="29 Nov 2019 12:19:05 GMT" time="29.775" errors="0">
  <testcase name="issueDate" time="29.775" classname="com.actitime.scripts.testLicensePageforIssueDate"/>
</testsuite> <!-- com.actitime.scripts.testLicensePageforIssueDate -->
