<?xml version="1.0" encoding="UTF-8"?>
<!-- Generated by org.testng.reporters.JUnitReportReporter -->
<testsuite hostname="ForeVision" name="com.actitime.scripts.testHome" tests="1" failures="0" timestamp="29 Nov 2019 12:19:05 GMT" time="28.224" errors="0">
  <testcase name="verifyHomePage" time="28.224" classname="com.actitime.scripts.testHome"/>
</testsuite> <!-- com.actitime.scripts.testHome -->
