<?xml version="1.0" encoding="UTF-8"?>
<!-- Generated by org.testng.reporters.JUnitReportReporter -->
<testsuite hostname="ForeVision" name="com.actitime.scripts.testLicensePage" tests="1" failures="0" timestamp="29 Nov 2019 12:19:05 GMT" time="30.364" errors="0">
  <testcase name="licencePage" time="30.364" classname="com.actitime.scripts.testLicensePage"/>
</testsuite> <!-- com.actitime.scripts.testLicensePage -->
